Classmates social-media classmates.com
Facebook social-media facebook.com
Facebook social-media facebook.net
Facebook social-media fbcdn.net
Foursquare social-media foursquare.com
Instagram social-media instagram.com
LinkedIn social-media linkedin.com
match_com social-media match.com
MySpace social-media myspace.com
MySpace social-media myspacecdn.com
Pinterest social-media pinterest.com
Reddit social-media reddit.com
Renren social-media renren.com
Twitter social-media twitter.com
VKontakte social-media vkontakte.ru
Xing social-media xing.com
BeReal social-media bereal.com
Bluesky social-media bsky.app
DeviantArt social-media deviantart.com
Flickr social-media flickr.com
Goodreads social-media goodreads.com
Lemon8 social-media lemon8-app.com
Letterboxd social-media letterboxd.com
Mastodon social-media mastodon.social
Nextdoor social-media nextdoor.com
Patreon social-media patreon.com
Snapchat social-media snapchat.com
Threads social-media threads.net
TikTok social-media tiktok.com
VKontakte social-media vk.com
X social-media x.com
Tumblr social-media tumblr.com
